<?xml version="1.0" encoding="UTF-8"?>
<!-- Generated by org.testng.reporters.JUnitReportReporter -->
<testsuite skipped="0" hostname="Atiqs-MacBook-Air.local" name="Testcases.Registration" tests="1" failures="0" timestamp="2020-03-09T01:57:50 PKT" time="13.681" errors="0">
  <testcase name="Atiq" time="13.681" classname="Testcases.Registration"/>
</testsuite> <!-- Testcases.Registration -->
