<?xml version="1.0" encoding="UTF-8"?>
<!-- Generated by org.testng.reporters.JUnitReportReporter -->
<testsuite skipped="0" hostname="Atiqs-MacBook-Air.local" name="configuration.base" tests="1" failures="0" timestamp="2020-06-14T23:28:21 PKT" time="21.052" errors="0">
  <testcase name="Browse" time="21.052" classname="configuration.base"/>
</testsuite> <!-- configuration.base -->
