<?xml version="1.0" encoding="UTF-8"?>
<!-- Generated by org.testng.reporters.JUnitReportReporter -->
<testsuite skipped="0" hostname="Atiqs-MacBook-Air.local" name="Testcases.emumbaTest" tests="1" failures="0" timestamp="2020-06-22T00:30:32 PKT" time="17.817" errors="0">
  <testcase name="herokuApp" time="17.817" classname="Testcases.emumbaTest"/>
</testsuite> <!-- Testcases.emumbaTest -->
